This is pdfTeX, Version 3.14159265-2.6-1.40.21 (TeX Live 2020/Debian) (preloaded format=latex 2021.10.13)  13 OCT 2021 21:16
entering extended mode
 restricted \write18 enabled.
 %&-line parsing enabled.
**global_configuration.tex
(./global_configuration.tex
LaTeX2e <2020-10-01> patch level 4
L3 programming layer <2021-01-09> xparse <2020-03-03>)
Runaway argument?
 
! File ended while scanning use of \@fileswith@ptions.
<inserted text> 
                \par 
<*> global_configuration.tex
                            
? 

*
(Please type a command or say `\end')
*\end

*^^[[A
! Missing \endcsname inserted.
<to be read again> 
                   \protect 
<*> ^^[
       [A
? 
! Missing \endcsname inserted.
<to be read again> 
                   \protect 
<*> ^^[
       [A
? 
! Missing \endcsname inserted.
<to be read again> 
                   \protect 
<*> ^^[
       [A
? 
! Missing \endcsname inserted.
<to be read again> 
                   \protect 
<*> ^^[
       [A
? 
! Missing \endcsname inserted.
<to be read again> 
                   \protect 
<*> ^^[
       [A
? 
! Interruption.
<argument> g__hook_env/\protect 
                                /end_code_prop
<*> ^^[
       [A
? 
! Missing \endcsname inserted.
<to be read again> 
                   \protect 
<*> ^^[
       [A
? 
! Interruption.
<recently read> \z@ 
                    
<*> ^^[
       [A
? 
! Missing \endcsname inserted.
<to be read again> 
                   \protect 
<*> ^^[
       [A
? 
! Interruption.
<argument> g__hook_env/\protect 
                                /end_code_prop
<*> ^^[
       [A
? 
! Missing \endcsname inserted.
<to be read again> 
                   \protect 
<*> ^^[
       [A
? 
! Interruption.
<recently read> \z@ 
                    
<*> ^^[
       [A
? 
! Missing \endcsname inserted.
<to be read again> 
                   \protect 
<*> ^^[
       [A
? 
! Interruption.
<argument> g__hook_env/\protect 
                                /end_code_prop
<*> ^^[
       [A
? 
! Missing \endcsname inserted.
<to be read again> 
                   \protect 
<*> ^^[
       [A
? 
! Interruption.
<recently read> \z@ 
                    
<*> ^^[
       [A
? 
! Missing \endcsname inserted.
<to be read again> 
                   \protect 
<*> ^^[
       [A
? 
! Missing \endcsname inserted.
<to be read again> 
                   \protect 
<*> ^^[
       [A
? 
! Interruption.
<recently read> \z@ 
                    
<*> ^^[
       [A
? 
! Missing \endcsname inserted.
<to be read again> 
                   \protect 
<*> ^^[
       [A
? 
! Interruption.
<argument> g__hook_env/\protect 
                                /end_code_prop
<*> ^^[
       [A
? quite
OK, entering \batchmode...
! Missing \endcsname inserted.
<to be read again> 
                   \protect 
<*> ^^[
       [A
The control sequence marked <to be read again> should
not appear between \csname and \endcsname.

! Missing \endcsname inserted.
<to be read again> 
                   \protect 
<*> ^^[
       [A
The control sequence marked <to be read again> should
not appear between \csname and \endcsname.

! Missing \endcsname inserted.
<to be read again> 
                   \protect 
<*> ^^[
       [A
The control sequence marked <to be read again> should
not appear between \csname and \endcsname.

! Missing \endcsname inserted.
<to be read again> 
                   \protect 
<*> ^^[
       [A
The control sequence marked <to be read again> should
not appear between \csname and \endcsname.

! Missing \endcsname inserted.
<to be read again> 
                   \protect 
<*> ^^[
       [A
The control sequence marked <to be read again> should
not appear between \csname and \endcsname.

! Missing \endcsname inserted.
<to be read again> 
                   \protect 
<*> ^^[
       [A
The control sequence marked <to be read again> should
not appear between \csname and \endcsname.

! Missing \endcsname inserted.
<to be read again> 
                   \protect 
<*> ^^[
       [A
The control sequence marked <to be read again> should
not appear between \csname and \endcsname.

! Missing \endcsname inserted.
<to be read again> 
                   \protect 
<*> ^^[
       [A
The control sequence marked <to be read again> should
not appear between \csname and \endcsname.

! Missing \endcsname inserted.
<to be read again> 
                   \protect 
<*> ^^[
       [A
The control sequence marked <to be read again> should
not appear between \csname and \endcsname.

! Missing \endcsname inserted.
<to be read again> 
                   \protect 
<*> ^^[
       [A
The control sequence marked <to be read again> should
not appear between \csname and \endcsname.

! Missing \endcsname inserted.
<to be read again> 
                   \protect 
<*> ^^[
       [A
The control sequence marked <to be read again> should
not appear between \csname and \endcsname.

! Missing \endcsname inserted.
<to be read again> 
                   \protect 
<*> ^^[
       [A
The control sequence marked <to be read again> should
not appear between \csname and \endcsname.

! Missing \endcsname inserted.
<to be read again> 
                   \protect 
<*> ^^[
       [A
The control sequence marked <to be read again> should
not appear between \csname and \endcsname.

! Missing \endcsname inserted.
<to be read again> 
                   \protect 
<*> ^^[
       [A
The control sequence marked <to be read again> should
not appear between \csname and \endcsname.

! Missing \endcsname inserted.
<to be read again> 
                   \protect 
<*> ^^[
       [A
The control sequence marked <to be read again> should
not appear between \csname and \endcsname.

! Missing \endcsname inserted.
<to be read again> 
                   \protect 
<*> ^^[
       [A
The control sequence marked <to be read again> should
not appear between \csname and \endcsname.

! Missing \endcsname inserted.
<to be read again> 
                   \protect 
<*> ^^[
       [A
The control sequence marked <to be read again> should
not appear between \csname and \endcsname.

! Missing \endcsname inserted.
<to be read again> 
                   \protect 
<*> ^^[
       [A
The control sequence marked <to be read again> should
not appear between \csname and \endcsname.

! Missing \endcsname inserted.
<to be read again> 
                   \protect 
<*> ^^[
       [A
The control sequence marked <to be read again> should
not appear between \csname and \endcsname.

! Missing \endcsname inserted.
<to be read again> 
                   \protect 
<*> ^^[
       [A
The control sequence marked <to be read again> should
not appear between \csname and \endcsname.

! Missing \endcsname inserted.
<to be read again> 
                   \protect 
<*> ^^[
       [A
The control sequence marked <to be read again> should
not appear between \csname and \endcsname.

! Missing \endcsname inserted.
<to be read again> 
                   \protect 
<*> ^^[
       [A
The control sequence marked <to be read again> should
not appear between \csname and \endcsname.

! Missing \endcsname inserted.
<to be read again> 
                   \protect 
<*> ^^[
       [A
The control sequence marked <to be read again> should
not appear between \csname and \endcsname.

! Missing \endcsname inserted.
<to be read again> 
                   \protect 
<*> ^^[
       [A
The control sequence marked <to be read again> should
not appear between \csname and \endcsname.

! Missing \endcsname inserted.
<to be read again> 
                   \protect 
<*> ^^[
       [A
The control sequence marked <to be read again> should
not appear between \csname and \endcsname.

! Missing \endcsname inserted.
<to be read again> 
                   \protect 
<*> ^^[
       [A
The control sequence marked <to be read again> should
not appear between \csname and \endcsname.

! Missing \endcsname inserted.
<to be read again> 
                   \protect 
<*> ^^[
       [A
The control sequence marked <to be read again> should
not appear between \csname and \endcsname.

! Missing \endcsname inserted.
<to be read again> 
                   \protect 
<*> ^^[
       [A
The control sequence marked <to be read again> should
not appear between \csname and \endcsname.

! Missing \endcsname inserted.
<to be read again> 
                   \protect 
<*> ^^[
       [A
The control sequence marked <to be read again> should
not appear between \csname and \endcsname.

! Missing \endcsname inserted.
<to be read again> 
                   \protect 
<*> ^^[
       [A
The control sequence marked <to be read again> should
not appear between \csname and \endcsname.

! Missing \endcsname inserted.
<to be read again> 
                   \protect 
<*> ^^[
       [A
The control sequence marked <to be read again> should
not appear between \csname and \endcsname.

! Missing \endcsname inserted.
<to be read again> 
                   \protect 
<*> ^^[
       [A
The control sequence marked <to be read again> should
not appear between \csname and \endcsname.

! Missing \endcsname inserted.
<to be read again> 
                   \protect 
<*> ^^[
       [A
The control sequence marked <to be read again> should
not appear between \csname and \endcsname.

! Missing \endcsname inserted.
<to be read again> 
                   \protect 
<*> ^^[
       [A
The control sequence marked <to be read again> should
not appear between \csname and \endcsname.

! Missing \endcsname inserted.
<to be read again> 
                   \protect 
<*> ^^[
       [A
The control sequence marked <to be read again> should
not appear between \csname and \endcsname.

! Missing \endcsname inserted.
<to be read again> 
                   \protect 
<*> ^^[
       [A
The control sequence marked <to be read again> should
not appear between \csname and \endcsname.

! Missing \endcsname inserted.
<to be read again> 
                   \protect 
<*> ^^[
       [A
The control sequence marked <to be read again> should
not appear between \csname and \endcsname.

! Missing \endcsname inserted.
<to be read again> 
                   \protect 
<*> ^^[
       [A
The control sequence marked <to be read again> should
not appear between \csname and \endcsname.

! Missing \endcsname inserted.
<to be read again> 
                   \protect 
<*> ^^[
       [A
The control sequence marked <to be read again> should
not appear between \csname and \endcsname.

! Missing \endcsname inserted.
<to be read again> 
                   \protect 
<*> ^^[
       [A
The control sequence marked <to be read again> should
not appear between \csname and \endcsname.

! Missing \endcsname inserted.
<to be read again> 
                   \protect 
<*> ^^[
       [A
The control sequence marked <to be read again> should
not appear between \csname and \endcsname.

! Missing \endcsname inserted.
<to be read again> 
                   \protect 
<*> ^^[
       [A
The control sequence marked <to be read again> should
not appear between \csname and \endcsname.

! Missing \endcsname inserted.
<to be read again> 
                   \protect 
<*> ^^[
       [A
The control sequence marked <to be read again> should
not appear between \csname and \endcsname.

! Missing \endcsname inserted.
<to be read again> 
                   \protect 
<*> ^^[
       [A
The control sequence marked <to be read again> should
not appear between \csname and \endcsname.

! Missing \endcsname inserted.
<to be read again> 
                   \protect 
<*> ^^[
       [A
The control sequence marked <to be read again> should
not appear between \csname and \endcsname.

! Missing \endcsname inserted.
<to be read again> 
                   \protect 
<*> ^^[
       [A
The control sequence marked <to be read again> should
not appear between \csname and \endcsname.

! Missing \endcsname inserted.
<to be read again> 
                   \protect 
<*> ^^[
       [A
The control sequence marked <to be read again> should
not appear between \csname and \endcsname.

! Missing \endcsname inserted.
<to be read again> 
                   \protect 
<*> ^^[
       [A
The control sequence marked <to be read again> should
not appear between \csname and \endcsname.

! Missing \endcsname inserted.
<to be read again> 
                   \protect 
<*> ^^[
       [A
The control sequence marked <to be read again> should
not appear between \csname and \endcsname.

! Missing \endcsname inserted.
<to be read again> 
                   \protect 
<*> ^^[
       [A
The control sequence marked <to be read again> should
not appear between \csname and \endcsname.

! Missing \endcsname inserted.
<to be read again> 
                   \protect 
<*> ^^[
       [A
The control sequence marked <to be read again> should
not appear between \csname and \endcsname.

! Missing \endcsname inserted.
<to be read again> 
                   \protect 
<*> ^^[
       [A
The control sequence marked <to be read again> should
not appear between \csname and \endcsname.

! Missing \endcsname inserted.
<to be read again> 
                   \protect 
<*> ^^[
       [A
The control sequence marked <to be read again> should
not appear between \csname and \endcsname.

! Missing \endcsname inserted.
<to be read again> 
                   \protect 
<*> ^^[
       [A
The control sequence marked <to be read again> should
not appear between \csname and \endcsname.

! Missing \endcsname inserted.
<to be read again> 
                   \protect 
<*> ^^[
       [A
The control sequence marked <to be read again> should
not appear between \csname and \endcsname.

! Missing \endcsname inserted.
<to be read again> 
                   \protect 
<*> ^^[
       [A
The control sequence marked <to be read again> should
not appear between \csname and \endcsname.

! Missing \endcsname inserted.
<to be read again> 
                   \protect 
<*> ^^[
       [A
The control sequence marked <to be read again> should
not appear between \csname and \endcsname.

! Missing \endcsname inserted.
<to be read again> 
                   \protect 
<*> ^^[
       [A
The control sequence marked <to be read again> should
not appear between \csname and \endcsname.

! Missing \endcsname inserted.
<to be read again> 
                   \protect 
<*> ^^[
       [A
The control sequence marked <to be read again> should
not appear between \csname and \endcsname.

! Missing \endcsname inserted.
<to be read again> 
                   \protect 
<*> ^^[
       [A
The control sequence marked <to be read again> should
not appear between \csname and \endcsname.

! Missing \endcsname inserted.
<to be read again> 
                   \protect 
<*> ^^[
       [A
The control sequence marked <to be read again> should
not appear between \csname and \endcsname.

! Missing \endcsname inserted.
<to be read again> 
                   \protect 
<*> ^^[
       [A
The control sequence marked <to be read again> should
not appear between \csname and \endcsname.

! Missing \endcsname inserted.
<to be read again> 
                   \protect 
<*> ^^[
       [A
The control sequence marked <to be read again> should
not appear between \csname and \endcsname.

! Missing \endcsname inserted.
<to be read again> 
                   \protect 
<*> ^^[
       [A
The control sequence marked <to be read again> should
not appear between \csname and \endcsname.

! Missing \endcsname inserted.
<to be read again> 
                   \protect 
<*> ^^[
       [A
The control sequence marked <to be read again> should
not appear between \csname and \endcsname.

! Missing \endcsname inserted.
<to be read again> 
                   \protect 
<*> ^^[
       [A
The control sequence marked <to be read again> should
not appear between \csname and \endcsname.

! Missing \endcsname inserted.
<to be read again> 
                   \protect 
<*> ^^[
       [A
The control sequence marked <to be read again> should
not appear between \csname and \endcsname.

! Missing \endcsname inserted.
<to be read again> 
                   \protect 
<*> ^^[
       [A
The control sequence marked <to be read again> should
not appear between \csname and \endcsname.

! Missing \endcsname inserted.
<to be read again> 
                   \protect 
<*> ^^[
       [A
The control sequence marked <to be read again> should
not appear between \csname and \endcsname.

! Missing \endcsname inserted.
<to be read again> 
                   \protect 
<*> ^^[
       [A
The control sequence marked <to be read again> should
not appear between \csname and \endcsname.

! Missing \endcsname inserted.
<to be read again> 
                   \protect 
<*> ^^[
       [A
The control sequence marked <to be read again> should
not appear between \csname and \endcsname.

! Missing \endcsname inserted.
<to be read again> 
                   \protect 
<*> ^^[
       [A
The control sequence marked <to be read again> should
not appear between \csname and \endcsname.

! Missing \endcsname inserted.
<to be read again> 
                   \protect 
<*> ^^[
       [A
The control sequence marked <to be read again> should
not appear between \csname and \endcsname.

! Missing \endcsname inserted.
<to be read again> 
                   \protect 
<*> ^^[
       [A
The control sequence marked <to be read again> should
not appear between \csname and \endcsname.

! Missing \endcsname inserted.
<to be read again> 
                   \protect 
<*> ^^[
       [A
The control sequence marked <to be read again> should
not appear between \csname and \endcsname.

! Missing \endcsname inserted.
<to be read again> 
                   \protect 
<*> ^^[
       [A
The control sequence marked <to be read again> should
not appear between \csname and \endcsname.

! Missing \endcsname inserted.
<to be read again> 
                   \protect 
<*> ^^[
       [A
The control sequence marked <to be read again> should
not appear between \csname and \endcsname.

! Missing \endcsname inserted.
<to be read again> 
                   \protect 
<*> ^^[
       [A
The control sequence marked <to be read again> should
not appear between \csname and \endcsname.

! Missing \endcsname inserted.
<to be read again> 
                   \protect 
<*> ^^[
       [A
The control sequence marked <to be read again> should
not appear between \csname and \endcsname.

! Missing \endcsname inserted.
<to be read again> 
                   \protect 
<*> ^^[
       [A
The control sequence marked <to be read again> should
not appear between \csname and \endcsname.

! Missing \endcsname inserted.
<to be read again> 
                   \protect 
<*> ^^[
       [A
The control sequence marked <to be read again> should
not appear between \csname and \endcsname.

! Missing \endcsname inserted.
<to be read again> 
                   \protect 
<*> ^^[
       [A
The control sequence marked <to be read again> should
not appear between \csname and \endcsname.

! Missing \endcsname inserted.
<to be read again> 
                   \protect 
<*> ^^[
       [A
The control sequence marked <to be read again> should
not appear between \csname and \endcsname.

! Missing \endcsname inserted.
<to be read again> 
                   \protect 
<*> ^^[
       [A
The control sequence marked <to be read again> should
not appear between \csname and \endcsname.

! Missing \endcsname inserted.
<to be read again> 
                   \protect 
<*> ^^[
       [A
The control sequence marked <to be read again> should
not appear between \csname and \endcsname.

! Missing \endcsname inserted.
<to be read again> 
                   \protect 
<*> ^^[
       [A
The control sequence marked <to be read again> should
not appear between \csname and \endcsname.

! Missing \endcsname inserted.
<to be read again> 
                   \protect 
<*> ^^[
       [A
The control sequence marked <to be read again> should
not appear between \csname and \endcsname.

! Missing \endcsname inserted.
<to be read again> 
                   \protect 
<*> ^^[
       [A
The control sequence marked <to be read again> should
not appear between \csname and \endcsname.

! Missing \endcsname inserted.
<to be read again> 
                   \protect 
<*> ^^[
       [A
The control sequence marked <to be read again> should
not appear between \csname and \endcsname.

! Missing \endcsname inserted.
<to be read again> 
                   \protect 
<*> ^^[
       [A
The control sequence marked <to be read again> should
not appear between \csname and \endcsname.

! Missing \endcsname inserted.
<to be read again> 
                   \protect 
<*> ^^[
       [A
The control sequence marked <to be read again> should
not appear between \csname and \endcsname.

! Missing \endcsname inserted.
<to be read again> 
                   \protect 
<*> ^^[
       [A
The control sequence marked <to be read again> should
not appear between \csname and \endcsname.

! Missing \endcsname inserted.
<to be read again> 
                   \protect 
<*> ^^[
       [A
The control sequence marked <to be read again> should
not appear between \csname and \endcsname.

! Missing \endcsname inserted.
<to be read again> 
                   \protect 
<*> ^^[
       [A
The control sequence marked <to be read again> should
not appear between \csname and \endcsname.

! Missing \endcsname inserted.
<to be read again> 
                   \protect 
<*> ^^[
       [A
The control sequence marked <to be read again> should
not appear between \csname and \endcsname.

! Missing \endcsname inserted.
<to be read again> 
                   \protect 
<*> ^^[
       [A
The control sequence marked <to be read again> should
not appear between \csname and \endcsname.

! Missing \endcsname inserted.
<to be read again> 
                   \protect 
<*> ^^[
       [A
The control sequence marked <to be read again> should
not appear between \csname and \endcsname.

! Missing \endcsname inserted.
<to be read again> 
                   \protect 
<*> ^^[
       [A
The control sequence marked <to be read again> should
not appear between \csname and \endcsname.

! Missing \endcsname inserted.
<to be read again> 
                   \protect 
<*> ^^[
       [A
The control sequence marked <to be read again> should
not appear between \csname and \endcsname.

! Missing \endcsname inserted.
<to be read again> 
                   \protect 
<*> ^^[
       [A
(That makes 100 errors; please try again.) 
Here is how much of TeX's memory you used:
 16 strings out of 479305
 441 string characters out of 5869804
 271116 words of memory out of 5000000
 17308 multiletter control sequences out of 15000+600000
 403430 words of font info for 27 fonts, out of 8000000 for 9000
 1141 hyphenation exceptions out of 8191
 63i,0n,64p,71b,10s stack positions out of 5000i,500n,10000p,200000b,80000s

No pages of output.
